[0.262s] DEBUG:colcon:Command line arguments: ['/usr/bin/colcon', 'build']
[0.262s] DEBUG:colcon:Parsed command line arguments: Namespace(log_base=None, log_level=None, verb_name='build', build_base='build', install_base='install', merge_install=False, symlink_install=False, test_result_base=None, continue_on_error=False, executor='parallel', parallel_workers=16, event_handlers=None, ignore_user_meta=False, metas=['./colcon.meta'], base_paths=['.'], packages_ignore=None, packages_ignore_regex=None, paths=None, packages_up_to=None, packages_up_to_regex=None, packages_above=None, packages_above_and_dependencies=None, packages_above_depth=None, packages_select_by_dep=None, packages_skip_by_dep=None, packages_skip_up_to=None, packages_select_build_failed=False, packages_skip_build_finished=False, packages_select_test_failures=False, packages_skip_test_passed=False, packages_select=None, packages_skip=None, packages_select_regex=None, packages_skip_regex=None, packages_start=None, packages_end=None, allow_overriding=[], cmake_args=None, cmake_target=None, cmake_target_skip_unavailable=False, cmake_clean_cache=False, cmake_clean_first=False, cmake_force_configure=False, ament_cmake_args=None, catkin_cmake_args=None, catkin_skip_building_tests=False, mixin_files=None, mixin=None, verb_parser=<colcon_mixin.mixin.mixin_argument.MixinArgumentDecorator object at 0x7fa506d762f0>, verb_extension=<colcon_core.verb.build.BuildVerb object at 0x7fa506f0a860>, main=<bound method BuildVerb.main of <colcon_core.verb.build.BuildVerb object at 0x7fa506f0a860>>, mixin_verb=('build',))
[0.516s] Level 1:colcon.colcon_core.package_discovery:discover_packages(colcon_meta) check parameters
[0.516s] Level 1:colcon.colcon_core.package_discovery:discover_packages(recursive) check parameters
[0.516s] Level 1:colcon.colcon_core.package_discovery:discover_packages(ignore) check parameters
[0.516s] Level 1:colcon.colcon_core.package_discovery:discover_packages(path) check parameters
[0.516s] Level 1:colcon.colcon_core.package_discovery:discover_packages(colcon_meta) discover
[0.516s] Level 1:colcon.colcon_core.package_discovery:discover_packages(recursive) discover
[0.516s] INFO:colcon.colcon_core.package_discovery:Crawling recursively for packages in '/mnt/g/Programming/CS 460/f24_robotics'
[0.517s] Level 1:colcon.colcon_core.package_identification:_identify(.) by extensions ['ignore', 'ignore_ament_install']
[0.517s] Level 1:colcon.colcon_core.package_identification:_identify(.) by extension 'ignore'
[0.517s] Level 1:colcon.colcon_core.package_identification:_identify(.) by extension 'ignore_ament_install'
[0.518s] Level 1:colcon.colcon_core.package_identification:_identify(.) by extensions ['colcon_pkg']
[0.518s] Level 1:colcon.colcon_core.package_identification:_identify(.) by extension 'colcon_pkg'
[0.518s] Level 1:colcon.colcon_core.package_identification:_identify(.) by extensions ['colcon_meta']
[0.518s] Level 1:colcon.colcon_core.package_identification:_identify(.) by extension 'colcon_meta'
[0.518s] Level 1:colcon.colcon_core.package_identification:_identify(.) by extensions ['ros']
[0.518s] Level 1:colcon.colcon_core.package_identification:_identify(.) by extension 'ros'
[0.528s] Level 1:colcon.colcon_core.package_identification:_identify(.) by extensions ['cmake', 'python']
[0.528s] Level 1:colcon.colcon_core.package_identification:_identify(.) by extension 'cmake'
[0.529s] Level 1:colcon.colcon_core.package_identification:_identify(.) by extension 'python'
[0.529s] Level 1:colcon.colcon_core.package_identification:_identify(.) by extensions ['python_setup_py']
[0.529s] Level 1:colcon.colcon_core.package_identification:_identify(.) by extension 'python_setup_py'
[0.530s] Level 1:colcon.colcon_core.package_identification:_identify(Homework1) by extensions ['ignore', 'ignore_ament_install']
[0.530s] Level 1:colcon.colcon_core.package_identification:_identify(Homework1) by extension 'ignore'
[0.531s] Level 1:colcon.colcon_core.package_identification:_identify(Homework1) by extension 'ignore_ament_install'
[0.532s] Level 1:colcon.colcon_core.package_identification:_identify(Homework1) by extensions ['colcon_pkg']
[0.532s] Level 1:colcon.colcon_core.package_identification:_identify(Homework1) by extension 'colcon_pkg'
[0.532s] Level 1:colcon.colcon_core.package_identification:_identify(Homework1) by extensions ['colcon_meta']
[0.532s] Level 1:colcon.colcon_core.package_identification:_identify(Homework1) by extension 'colcon_meta'
[0.533s] Level 1:colcon.colcon_core.package_identification:_identify(Homework1) by extensions ['ros']
[0.533s] Level 1:colcon.colcon_core.package_identification:_identify(Homework1) by extension 'ros'
[0.535s] Level 1:colcon.colcon_core.package_identification:_identify(Homework1) by extensions ['cmake', 'python']
[0.535s] Level 1:colcon.colcon_core.package_identification:_identify(Homework1) by extension 'cmake'
[0.535s] Level 1:colcon.colcon_core.package_identification:_identify(Homework1) by extension 'python'
[0.536s] Level 1:colcon.colcon_core.package_identification:_identify(Homework1) by extensions ['python_setup_py']
[0.536s] Level 1:colcon.colcon_core.package_identification:_identify(Homework1) by extension 'python_setup_py'
[0.537s] Level 1:colcon.colcon_core.package_identification:_identify(Resources) by extensions ['ignore', 'ignore_ament_install']
[0.537s] Level 1:colcon.colcon_core.package_identification:_identify(Resources) by extension 'ignore'
[0.538s] Level 1:colcon.colcon_core.package_identification:_identify(Resources) by extension 'ignore_ament_install'
[0.538s] Level 1:colcon.colcon_core.package_identification:_identify(Resources) by extensions ['colcon_pkg']
[0.538s] Level 1:colcon.colcon_core.package_identification:_identify(Resources) by extension 'colcon_pkg'
[0.539s] Level 1:colcon.colcon_core.package_identification:_identify(Resources) by extensions ['colcon_meta']
[0.539s] Level 1:colcon.colcon_core.package_identification:_identify(Resources) by extension 'colcon_meta'
[0.539s] Level 1:colcon.colcon_core.package_identification:_identify(Resources) by extensions ['ros']
[0.539s] Level 1:colcon.colcon_core.package_identification:_identify(Resources) by extension 'ros'
[0.541s] Level 1:colcon.colcon_core.package_identification:_identify(Resources) by extensions ['cmake', 'python']
[0.541s] Level 1:colcon.colcon_core.package_identification:_identify(Resources) by extension 'cmake'
[0.541s] Level 1:colcon.colcon_core.package_identification:_identify(Resources) by extension 'python'
[0.542s] Level 1:colcon.colcon_core.package_identification:_identify(Resources) by extensions ['python_setup_py']
[0.542s] Level 1:colcon.colcon_core.package_identification:_identify(Resources) by extension 'python_setup_py'
[0.543s] Level 1:colcon.colcon_core.package_identification:_identify(build) by extensions ['ignore', 'ignore_ament_install']
[0.543s] Level 1:colcon.colcon_core.package_identification:_identify(build) by extension 'ignore'
[0.544s] Level 1:colcon.colcon_core.package_identification:_identify(build) ignored
[0.545s] Level 1:colcon.colcon_core.package_identification:_identify(install) by extensions ['ignore', 'ignore_ament_install']
[0.545s] Level 1:colcon.colcon_core.package_identification:_identify(install) by extension 'ignore'
[0.546s] Level 1:colcon.colcon_core.package_identification:_identify(install) ignored
[0.548s] Level 1:colcon.colcon_core.package_identification:_identify(log) by extensions ['ignore', 'ignore_ament_install']
[0.548s] Level 1:colcon.colcon_core.package_identification:_identify(log) by extension 'ignore'
[0.549s] Level 1:colcon.colcon_core.package_identification:_identify(log) ignored
[0.550s] Level 1:colcon.colcon_core.package_identification:_identify(webots_ros2_homework1_python) by extensions ['ignore', 'ignore_ament_install']
[0.550s] Level 1:colcon.colcon_core.package_identification:_identify(webots_ros2_homework1_python) by extension 'ignore'
[0.551s] Level 1:colcon.colcon_core.package_identification:_identify(webots_ros2_homework1_python) by extension 'ignore_ament_install'
[0.551s] Level 1:colcon.colcon_core.package_identification:_identify(webots_ros2_homework1_python) by extensions ['colcon_pkg']
[0.551s] Level 1:colcon.colcon_core.package_identification:_identify(webots_ros2_homework1_python) by extension 'colcon_pkg'
[0.552s] Level 1:colcon.colcon_core.package_identification:_identify(webots_ros2_homework1_python) by extensions ['colcon_meta']
[0.552s] Level 1:colcon.colcon_core.package_identification:_identify(webots_ros2_homework1_python) by extension 'colcon_meta'
[0.552s] Level 1:colcon.colcon_core.package_identification:_identify(webots_ros2_homework1_python) by extensions ['ros']
[0.552s] Level 1:colcon.colcon_core.package_identification:_identify(webots_ros2_homework1_python) by extension 'ros'
[0.565s] DEBUG:colcon.colcon_core.package_identification:Package 'webots_ros2_homework1_python' with type 'ros.ament_python' and name 'webots_ros2_homework1_python'
[0.565s] Level 1:colcon.colcon_core.package_discovery:discover_packages(recursive) using defaults
[0.565s] Level 1:colcon.colcon_core.package_discovery:discover_packages(ignore) discover
[0.565s] Level 1:colcon.colcon_core.package_discovery:discover_packages(ignore) using defaults
[0.566s] Level 1:colcon.colcon_core.package_discovery:discover_packages(path) discover
[0.566s] Level 1:colcon.colcon_core.package_discovery:discover_packages(path) using defaults
[0.611s] Level 1:colcon.colcon_core.package_discovery:discover_packages(prefix_path) check parameters
[0.611s] Level 1:colcon.colcon_core.package_discovery:discover_packages(prefix_path) discover
[0.630s] DEBUG:colcon.colcon_installed_package_information.package_discovery:Found 1 installed packages in /mnt/g/Programming/CS 460/f24_robotics/install
[0.631s] DEBUG:colcon.colcon_installed_package_information.package_discovery:Found 301 installed packages in /opt/ros/humble
[0.632s] Level 1:colcon.colcon_core.package_discovery:discover_packages(prefix_path) using defaults
[0.670s] Level 5:colcon.colcon_core.verb:set package 'webots_ros2_homework1_python' build argument 'cmake_args' from command line to 'None'
[0.671s] Level 5:colcon.colcon_core.verb:set package 'webots_ros2_homework1_python' build argument 'cmake_target' from command line to 'None'
[0.671s] Level 5:colcon.colcon_core.verb:set package 'webots_ros2_homework1_python' build argument 'cmake_target_skip_unavailable' from command line to 'False'
[0.671s] Level 5:colcon.colcon_core.verb:set package 'webots_ros2_homework1_python' build argument 'cmake_clean_cache' from command line to 'False'
[0.671s] Level 5:colcon.colcon_core.verb:set package 'webots_ros2_homework1_python' build argument 'cmake_clean_first' from command line to 'False'
[0.671s] Level 5:colcon.colcon_core.verb:set package 'webots_ros2_homework1_python' build argument 'cmake_force_configure' from command line to 'False'
[0.671s] Level 5:colcon.colcon_core.verb:set package 'webots_ros2_homework1_python' build argument 'ament_cmake_args' from command line to 'None'
[0.671s] Level 5:colcon.colcon_core.verb:set package 'webots_ros2_homework1_python' build argument 'catkin_cmake_args' from command line to 'None'
[0.671s] Level 5:colcon.colcon_core.verb:set package 'webots_ros2_homework1_python' build argument 'catkin_skip_building_tests' from command line to 'False'
[0.671s] DEBUG:colcon.colcon_core.verb:Building package 'webots_ros2_homework1_python' with the following arguments: {'ament_cmake_args': None, 'build_base': '/mnt/g/Programming/CS 460/f24_robotics/build/webots_ros2_homework1_python', 'catkin_cmake_args': None, 'catkin_skip_building_tests': False, 'cmake_args': None, 'cmake_clean_cache': False, 'cmake_clean_first': False, 'cmake_force_configure': False, 'cmake_target': None, 'cmake_target_skip_unavailable': False, 'install_base': '/mnt/g/Programming/CS 460/f24_robotics/install/webots_ros2_homework1_python', 'merge_install': False, 'path': '/mnt/g/Programming/CS 460/f24_robotics/webots_ros2_homework1_python', 'symlink_install': False, 'test_result_base': None}
[0.672s] INFO:colcon.colcon_core.executor:Executing jobs using 'parallel' executor
[0.672s] DEBUG:colcon.colcon_parallel_executor.executor.parallel:run_until_complete
[0.672s] INFO:colcon.colcon_ros.task.ament_python.build:Building ROS package in '/mnt/g/Programming/CS 460/f24_robotics/webots_ros2_homework1_python' with build type 'ament_python'
[0.673s] Level 1:colcon.colcon_core.shell:create_environment_hook('webots_ros2_homework1_python', 'ament_prefix_path')
[0.679s] INFO:colcon.colcon_core.plugin_system:Skipping extension 'colcon_core.shell.bat': Not used on non-Windows systems
[0.679s] INFO:colcon.colcon_core.shell:Creating environment hook '/mnt/g/Programming/CS 460/f24_robotics/install/webots_ros2_homework1_python/share/webots_ros2_homework1_python/hook/ament_prefix_path.ps1'
[0.687s] INFO:colcon.colcon_core.shell:Creating environment descriptor '/mnt/g/Programming/CS 460/f24_robotics/install/webots_ros2_homework1_python/share/webots_ros2_homework1_python/hook/ament_prefix_path.dsv'
[0.694s] INFO:colcon.colcon_core.shell:Creating environment hook '/mnt/g/Programming/CS 460/f24_robotics/install/webots_ros2_homework1_python/share/webots_ros2_homework1_python/hook/ament_prefix_path.sh'
[0.702s] INFO:colcon.colcon_core.shell:Skip shell extension 'powershell' for command environment: Not usable outside of PowerShell
[0.702s] DEBUG:colcon.colcon_core.shell:Skip shell extension 'dsv' for command environment
[1.074s] INFO:colcon.colcon_core.task.python.build:Building Python package in '/mnt/g/Programming/CS 460/f24_robotics/webots_ros2_homework1_python'
[1.075s] INFO:colcon.colcon_core.shell:Skip shell extension 'powershell' for command environment: Not usable outside of PowerShell
[1.075s] DEBUG:colcon.colcon_core.shell:Skip shell extension 'dsv' for command environment
[1.822s] DEBUG:colcon.colcon_core.event_handler.log_command:Invoking command in '/mnt/g/Programming/CS 460/f24_robotics/webots_ros2_homework1_python': PYTHONPATH=/mnt/g/Programming/CS 460/f24_robotics/build/webots_ros2_homework1_python/prefix_override:/usr/lib/python3/dist-packages/colcon_core/task/python/colcon_distutils_commands:/mnt/g/Programming/CS 460/f24_robotics/install/webots_ros2_homework1_python/lib/python3.10/site-packages:${PYTHONPATH} /usr/bin/python3 -W ignore:setup.py install is deprecated setup.py egg_info --egg-base ../build/webots_ros2_homework1_python build --build-base /mnt/g/Programming/CS 460/f24_robotics/build/webots_ros2_homework1_python/build install --record /mnt/g/Programming/CS 460/f24_robotics/build/webots_ros2_homework1_python/install.log --single-version-externally-managed install_data
[2.712s] DEBUG:colcon.colcon_core.event_handler.log_command:Invoked command in '/mnt/g/Programming/CS 460/f24_robotics/webots_ros2_homework1_python' returned '0': PYTHONPATH=/mnt/g/Programming/CS 460/f24_robotics/build/webots_ros2_homework1_python/prefix_override:/usr/lib/python3/dist-packages/colcon_core/task/python/colcon_distutils_commands:/mnt/g/Programming/CS 460/f24_robotics/install/webots_ros2_homework1_python/lib/python3.10/site-packages:${PYTHONPATH} /usr/bin/python3 -W ignore:setup.py install is deprecated setup.py egg_info --egg-base ../build/webots_ros2_homework1_python build --build-base /mnt/g/Programming/CS 460/f24_robotics/build/webots_ros2_homework1_python/build install --record /mnt/g/Programming/CS 460/f24_robotics/build/webots_ros2_homework1_python/install.log --single-version-externally-managed install_data
[2.720s] Level 1:colcon.colcon_core.environment:checking '/mnt/g/Programming/CS 460/f24_robotics/install/webots_ros2_homework1_python' for CMake module files
[2.750s] Level 1:colcon.colcon_core.environment:checking '/mnt/g/Programming/CS 460/f24_robotics/install/webots_ros2_homework1_python' for CMake config files
[2.801s] Level 1:colcon.colcon_core.environment:checking '/mnt/g/Programming/CS 460/f24_robotics/install/webots_ros2_homework1_python/lib'
[2.803s] Level 1:colcon.colcon_core.environment:checking '/mnt/g/Programming/CS 460/f24_robotics/install/webots_ros2_homework1_python/bin'
[2.804s] Level 1:colcon.colcon_core.environment:checking '/mnt/g/Programming/CS 460/f24_robotics/install/webots_ros2_homework1_python/lib/pkgconfig/webots_ros2_homework1_python.pc'
[2.805s] Level 1:colcon.colcon_core.environment:checking '/mnt/g/Programming/CS 460/f24_robotics/install/webots_ros2_homework1_python/lib/python3.10/site-packages'
[2.806s] Level 1:colcon.colcon_core.shell:create_environment_hook('webots_ros2_homework1_python', 'pythonpath')
[2.806s] INFO:colcon.colcon_core.shell:Creating environment hook '/mnt/g/Programming/CS 460/f24_robotics/install/webots_ros2_homework1_python/share/webots_ros2_homework1_python/hook/pythonpath.ps1'
[2.813s] INFO:colcon.colcon_core.shell:Creating environment descriptor '/mnt/g/Programming/CS 460/f24_robotics/install/webots_ros2_homework1_python/share/webots_ros2_homework1_python/hook/pythonpath.dsv'
[2.820s] INFO:colcon.colcon_core.shell:Creating environment hook '/mnt/g/Programming/CS 460/f24_robotics/install/webots_ros2_homework1_python/share/webots_ros2_homework1_python/hook/pythonpath.sh'
[2.827s] Level 1:colcon.colcon_core.environment:checking '/mnt/g/Programming/CS 460/f24_robotics/install/webots_ros2_homework1_python/bin'
[2.828s] Level 1:colcon.colcon_core.environment:create_environment_scripts_only(webots_ros2_homework1_python)
[2.829s] INFO:colcon.colcon_core.shell:Creating package script '/mnt/g/Programming/CS 460/f24_robotics/install/webots_ros2_homework1_python/share/webots_ros2_homework1_python/package.ps1'
[2.835s] INFO:colcon.colcon_core.shell:Creating package descriptor '/mnt/g/Programming/CS 460/f24_robotics/install/webots_ros2_homework1_python/share/webots_ros2_homework1_python/package.dsv'
[2.842s] INFO:colcon.colcon_core.shell:Creating package script '/mnt/g/Programming/CS 460/f24_robotics/install/webots_ros2_homework1_python/share/webots_ros2_homework1_python/package.sh'
[2.848s] INFO:colcon.colcon_core.shell:Creating package script '/mnt/g/Programming/CS 460/f24_robotics/install/webots_ros2_homework1_python/share/webots_ros2_homework1_python/package.bash'
[2.854s] INFO:colcon.colcon_core.shell:Creating package script '/mnt/g/Programming/CS 460/f24_robotics/install/webots_ros2_homework1_python/share/webots_ros2_homework1_python/package.zsh'
[2.861s] Level 1:colcon.colcon_core.environment:create_file_with_runtime_dependencies(/mnt/g/Programming/CS 460/f24_robotics/install/webots_ros2_homework1_python/share/colcon-core/packages/webots_ros2_homework1_python)
[2.866s] DEBUG:colcon.colcon_parallel_executor.executor.parallel:closing loop
[2.866s] DEBUG:colcon.colcon_parallel_executor.executor.parallel:loop closed
[2.867s] DEBUG:colcon.colcon_parallel_executor.executor.parallel:run_until_complete finished with '0'
[2.867s] DEBUG:colcon.colcon_core.event_reactor:joining thread
[2.908s] INFO:colcon.colcon_core.plugin_system:Skipping extension 'colcon_notification.desktop_notification.notify_send': Could not find 'notify-send'
[2.908s] INFO:colcon.colcon_core.plugin_system:Skipping extension 'colcon_notification.desktop_notification.terminal_notifier': Not used on non-Darwin systems
[2.908s] INFO:colcon.colcon_core.plugin_system:Skipping extension 'colcon_notification.desktop_notification.win32': Not used on non-Windows systems
[2.908s] INFO:colcon.colcon_notification.desktop_notification:Sending desktop notification using 'notify2'
[2.908s] DEBUG:colcon.colcon_notification.desktop_notification.notify2:Failed to initialize notify2: org.freedesktop.DBus.Error.FileNotFound: Failed to connect to socket /run/user/1000/bus: No such file or directory
[2.909s] DEBUG:colcon.colcon_core.event_reactor:joined thread
[2.909s] INFO:colcon.colcon_core.shell:Creating prefix script '/mnt/g/Programming/CS 460/f24_robotics/install/local_setup.ps1'
[2.912s] INFO:colcon.colcon_core.shell:Creating prefix util module '/mnt/g/Programming/CS 460/f24_robotics/install/_local_setup_util_ps1.py'
[2.916s] INFO:colcon.colcon_core.shell:Creating prefix chain script '/mnt/g/Programming/CS 460/f24_robotics/install/setup.ps1'
[2.922s] INFO:colcon.colcon_core.shell:Creating prefix script '/mnt/g/Programming/CS 460/f24_robotics/install/local_setup.sh'
[2.925s] INFO:colcon.colcon_core.shell:Creating prefix util module '/mnt/g/Programming/CS 460/f24_robotics/install/_local_setup_util_sh.py'
[2.928s] INFO:colcon.colcon_core.shell:Creating prefix chain script '/mnt/g/Programming/CS 460/f24_robotics/install/setup.sh'
[2.936s] INFO:colcon.colcon_core.shell:Creating prefix script '/mnt/g/Programming/CS 460/f24_robotics/install/local_setup.bash'
[2.938s] INFO:colcon.colcon_core.shell:Creating prefix chain script '/mnt/g/Programming/CS 460/f24_robotics/install/setup.bash'
[2.946s] INFO:colcon.colcon_core.shell:Creating prefix script '/mnt/g/Programming/CS 460/f24_robotics/install/local_setup.zsh'
[2.949s] INFO:colcon.colcon_core.shell:Creating prefix chain script '/mnt/g/Programming/CS 460/f24_robotics/install/setup.zsh'
